2025-03-19T13:38:56.344+05:30  INFO 16052 --- [addressbook] [main] c.example.addressbook.DemoApplication    : Starting DemoApplication using Java 23.0.2 with PID 16052 (E:\Main_AD\Address_Book_App\target\classes started by Hp in E:\Main_AD\Address_Book_App)
2025-03-19T13:38:56.351+05:30  INFO 16052 --- [addressbook] [main] c.example.addressbook.DemoApplication    : The following 1 profile is active: "dev"
2025-03-19T13:39:01.442+05:30  INFO 16052 --- [addressbook] [main] .s.d.r.c.RepositoryConfigurationDelegate : Multiple Spring Data modules found, entering strict repository configuration mode
2025-03-19T13:39:01.447+05:30  INFO 16052 --- [addressbook] [main] .s.d.r.c.RepositoryConfigurationDelegate : Bootstrapping Spring Data JPA repositories in DEFAULT mode.
2025-03-19T13:39:02.266+05:30  INFO 16052 --- [addressbook] [main] .s.d.r.c.RepositoryConfigurationDelegate : Finished Spring Data repository scanning in 746 ms. Found 4 JPA repository interfaces.
2025-03-19T13:39:02.368+05:30  INFO 16052 --- [addressbook] [main] .s.d.r.c.RepositoryConfigurationDelegate : Multiple Spring Data modules found, entering strict repository configuration mode
2025-03-19T13:39:02.374+05:30  INFO 16052 --- [addressbook] [main] .s.d.r.c.RepositoryConfigurationDelegate : Bootstrapping Spring Data Redis repositories in DEFAULT mode.
2025-03-19T13:39:02.473+05:30  INFO 16052 --- [addressbook] [main] .RepositoryConfigurationExtensionSupport : Spring Data Redis - Could not safely identify store assignment for repository candidate interface com.example.addressbook.repository.ContactRepository; If you want this repository to be a Redis repository, consider annotating your entities with one of these annotations: org.springframework.data.redis.core.RedisHash (preferred), or consider extending one of the following types with your repository: org.springframework.data.keyvalue.repository.KeyValueRepository
2025-03-19T13:39:02.476+05:30  INFO 16052 --- [addressbook] [main] .RepositoryConfigurationExtensionSupport : Spring Data Redis - Could not safely identify store assignment for repository candidate interface com.example.addressbook.repository.PasswordResetTokenRepository; If you want this repository to be a Redis repository, consider annotating your entities with one of these annotations: org.springframework.data.redis.core.RedisHash (preferred), or consider extending one of the following types with your repository: org.springframework.data.keyvalue.repository.KeyValueRepository
2025-03-19T13:39:02.478+05:30  INFO 16052 --- [addressbook] [main] .RepositoryConfigurationExtensionSupport : Spring Data Redis - Could not safely identify store assignment for repository candidate interface com.example.addressbook.repository.RefreshTokenRepository; If you want this repository to be a Redis repository, consider annotating your entities with one of these annotations: org.springframework.data.redis.core.RedisHash (preferred), or consider extending one of the following types with your repository: org.springframework.data.keyvalue.repository.KeyValueRepository
2025-03-19T13:39:02.481+05:30  INFO 16052 --- [addressbook] [main] .RepositoryConfigurationExtensionSupport : Spring Data Redis - Could not safely identify store assignment for repository candidate interface com.example.addressbook.repository.UserRepository; If you want this repository to be a Redis repository, consider annotating your entities with one of these annotations: org.springframework.data.redis.core.RedisHash (preferred), or consider extending one of the following types with your repository: org.springframework.data.keyvalue.repository.KeyValueRepository
2025-03-19T13:39:02.482+05:30  INFO 16052 --- [addressbook] [main] .s.d.r.c.RepositoryConfigurationDelegate : Finished Spring Data repository scanning in 39 ms. Found 0 Redis repository interfaces.
2025-03-19T13:39:05.225+05:30  INFO 16052 --- [addressbook] [main] o.s.b.w.embedded.tomcat.TomcatWebServer  : Tomcat initialized with port 8080 (http)
2025-03-19T13:39:05.268+05:30  INFO 16052 --- [addressbook] [main] o.apache.catalina.core.StandardService   : Starting service [Tomcat]
2025-03-19T13:39:05.269+05:30  INFO 16052 --- [addressbook] [main] o.apache.catalina.core.StandardEngine    : Starting Servlet engine: [Apache Tomcat/10.1.36]
2025-03-19T13:39:05.496+05:30  INFO 16052 --- [addressbook] [main] o.a.c.c.C.[Tomcat].[localhost].[/]       : Initializing Spring embedded WebApplicationContext
2025-03-19T13:39:05.498+05:30  INFO 16052 --- [addressbook] [main] w.s.c.ServletWebServerApplicationContext : Root WebApplicationContext: initialization completed in 8960 ms
2025-03-19T13:39:06.006+05:30  INFO 16052 --- [addressbook] [main] o.hibernate.jpa.internal.util.LogHelper  : HHH000204: Processing PersistenceUnitInfo [name: default]
2025-03-19T13:39:06.216+05:30  INFO 16052 --- [addressbook] [main] org.hibernate.Version                    : HHH000412: Hibernate ORM core version 6.6.8.Final
2025-03-19T13:39:06.366+05:30  INFO 16052 --- [addressbook] [main] o.h.c.internal.RegionFactoryInitiator    : HHH000026: Second-level cache disabled
2025-03-19T13:39:07.365+05:30  INFO 16052 --- [addressbook] [main] o.s.o.j.p.SpringPersistenceUnitInfo      : No LoadTimeWeaver setup: ignoring JPA class transformer
2025-03-19T13:39:07.472+05:30  INFO 16052 --- [addressbook] [main] com.zaxxer.hikari.HikariDataSource       : HikariPool-1 - Starting...
2025-03-19T13:39:08.318+05:30  INFO 16052 --- [addressbook] [main] com.zaxxer.hikari.pool.HikariPool        : HikariPool-1 - Added connection conn0: url=jdbc:h2:mem:addressbookdb user=SA
2025-03-19T13:39:08.323+05:30  INFO 16052 --- [addressbook] [main] com.zaxxer.hikari.HikariDataSource       : HikariPool-1 - Start completed.
2025-03-19T13:39:08.537+05:30  WARN 16052 --- [addressbook] [main] org.hibernate.orm.deprecation            : HHH90000025: H2Dialect does not need to be specified explicitly using 'hibernate.dialect' (remove the property setting and it will be selected by default)
2025-03-19T13:39:08.665+05:30  INFO 16052 --- [addressbook] [main] org.hibernate.orm.connections.pooling    : HHH10001005: Database info:
	Database JDBC URL [Connecting through datasource 'HikariDataSource (HikariPool-1)']
	Database driver: undefined/unknown
	Database version: 2.3.232
	Autocommit mode: undefined/unknown
	Isolation level: undefined/unknown
	Minimum pool size: undefined/unknown
	Maximum pool size: undefined/unknown
2025-03-19T13:39:11.693+05:30  INFO 16052 --- [addressbook] [main] o.h.e.t.j.p.i.JtaPlatformInitiator       : HHH000489: No JTA platform available (set 'hibernate.transaction.jta.platform' to enable JTA platform integration)
2025-03-19T13:39:11.778+05:30  INFO 16052 --- [addressbook] [main] j.LocalContainerEntityManagerFactoryBean : Initialized JPA EntityManagerFactory for persistence unit 'default'
2025-03-19T13:39:14.963+05:30  INFO 16052 --- [addressbook] [main] eAuthenticationProviderManagerConfigurer : Global AuthenticationManager configured with AuthenticationProvider bean with name authenticationProvider
2025-03-19T13:39:14.966+05:30  WARN 16052 --- [addressbook] [main] r$InitializeUserDetailsManagerConfigurer : Global AuthenticationManager configured with an AuthenticationProvider bean. UserDetailsService beans will not be used by Spring Security for automatically configuring username/password login. Consider removing the AuthenticationProvider bean. Alternatively, consider using the UserDetailsService in a manually instantiated DaoAuthenticationProvider. If the current configuration is intentional, to turn off this warning, increase the logging level of 'org.springframework.security.config.annotation.authentication.configuration.InitializeUserDetailsBeanManagerConfigurer' to ERROR
2025-03-19T13:39:15.389+05:30  WARN 16052 --- [addressbook] [main] JpaBaseConfiguration$JpaWebConfiguration : spring.jpa.open-in-view is enabled by default. Therefore, database queries may be performed during view rendering. Explicitly configure spring.jpa.open-in-view to disable this warning
2025-03-19T13:39:16.494+05:30  INFO 16052 --- [addressbook] [main] o.s.v.b.OptionalValidatorFactoryBean     : Failed to set up a Bean Validation provider: jakarta.validation.NoProviderFoundException: Unable to create a Configuration, because no Jakarta Bean Validation provider could be found. Add a provider like Hibernate Validator (RI) to your classpath.
2025-03-19T13:39:17.442+05:30  INFO 16052 --- [addressbook] [main] o.s.b.a.h2.H2ConsoleAutoConfiguration    : H2 console available at '/h2-console'. Database available at 'jdbc:h2:mem:addressbookdb'
2025-03-19T13:39:18.024+05:30  INFO 16052 --- [addressbook] [main] o.s.b.w.embedded.tomcat.TomcatWebServer  : Tomcat started on port 8080 (http) with context path '/'
2025-03-19T13:39:18.035+05:30  INFO 16052 --- [addressbook] [main] o.s.a.r.c.CachingConnectionFactory       : Attempting to connect to: [localhost:5672]
2025-03-19T13:39:18.176+05:30  INFO 16052 --- [addressbook] [main] o.s.a.r.c.CachingConnectionFactory       : Created new connection: rabbitConnectionFactory#730611a0:0/SimpleConnection@5f04449a [delegate=amqp://guest@127.0.0.1:5672/, localPort=55911]
2025-03-19T13:39:18.193+05:30  INFO 16052 --- [addressbook] [main] o.s.amqp.rabbit.core.RabbitAdmin         : Auto-declaring a non-durable, auto-delete, or exclusive Queue (my_queue) durable:false, auto-delete:false, exclusive:false. It will be redeclared if the broker stops and is restarted while the connection factory is alive, but all messages will be lost.
2025-03-19T13:39:18.395+05:30  INFO 16052 --- [addressbook] [main] c.example.addressbook.DemoApplication    : Started DemoApplication in 23.77 seconds (process running for 25.258)
2025-03-19T13:39:26.352+05:30  INFO 16052 --- [addressbook] [http-nio-8080-exec-2] o.a.c.c.C.[Tomcat].[localhost].[/]       : Initializing Spring DispatcherServlet 'dispatcherServlet'
2025-03-19T13:39:26.352+05:30  INFO 16052 --- [addressbook] [http-nio-8080-exec-2] o.s.web.servlet.DispatcherServlet        : Initializing Servlet 'dispatcherServlet'
2025-03-19T13:39:26.356+05:30  INFO 16052 --- [addressbook] [http-nio-8080-exec-2] o.s.web.servlet.DispatcherServlet        : Completed initialization in 2 ms
2025-03-19T13:39:26.575+05:30  WARN 16052 --- [addressbook] [http-nio-8080-exec-2] PropertyNamingStrategy$SnakeCaseStrategy : PropertyNamingStrategy.SnakeCaseStrategy is used but it has been deprecated due to risk of deadlock. Consider using PropertyNamingStrategies.SnakeCaseStrategy instead. See https://github.com/FasterXML/jackson-databind/issues/2715 for more details.
2025-03-19T13:39:28.092+05:30  INFO 16052 --- [addressbook] [http-nio-8080-exec-2] c.e.addressbook.service.MessageProducer  : Message sent: {"username":"apurv1","email":"saxenaapurv513@gmail.com"}
2025-03-19T13:39:28.146+05:30  INFO 16052 --- [addressbook] [org.springframework.amqp.rabbit.RabbitListenerEndpointContainer#0-1] c.e.addressbook.service.MessageConsumer  : Message received: {"username":"apurv1","email":"saxenaapurv513@gmail.com"}
2025-03-19T13:39:28.156+05:30  INFO 16052 --- [addressbook] [org.springframework.amqp.rabbit.RabbitListenerEndpointContainer#0-1] c.e.addressbook.service.MessageConsumer  : New user registered: Username=apurv1, Email=saxenaapurv513@gmail.com
2025-03-19T13:39:33.723+05:30  INFO 16052 --- [addressbook] [org.springframework.amqp.rabbit.RabbitListenerEndpointContainer#0-1] c.e.addressbook.service.EmailService     : Email sent successfully to: saxenaapurv513@gmail.com
2025-03-19T13:45:09.983+05:30  INFO 16052 --- [addressbook] [org.springframework.amqp.rabbit.RabbitListenerEndpointContainer#0-2] o.s.a.r.l.SimpleMessageListenerContainer : Waiting for workers to finish.
2025-03-19T13:45:10.942+05:30  INFO 16052 --- [addressbook] [org.springframework.amqp.rabbit.RabbitListenerEndpointContainer#0-2] o.s.a.r.l.SimpleMessageListenerContainer : Successfully waited for workers to finish.
2025-03-19T13:45:10.948+05:30  INFO 16052 --- [addressbook] [SpringApplicationShutdownHook] o.s.b.w.e.tomcat.GracefulShutdown        : Commencing graceful shutdown. Waiting for active requests to complete
2025-03-19T13:45:11.009+05:30  INFO 16052 --- [addressbook] [tomcat-shutdown] o.s.b.w.e.tomcat.GracefulShutdown        : Graceful shutdown complete
2025-03-19T13:45:11.295+05:30  INFO 16052 --- [addressbook] [SpringApplicationShutdownHook] j.LocalContainerEntityManagerFactoryBean : Closing JPA EntityManagerFactory for persistence unit 'default'
2025-03-19T13:45:11.316+05:30  INFO 16052 --- [addressbook] [SpringApplicationShutdownHook] com.zaxxer.hikari.HikariDataSource       : HikariPool-1 - Shutdown initiated...
2025-03-19T13:45:11.332+05:30  INFO 16052 --- [addressbook] [SpringApplicationShutdownHook] com.zaxxer.hikari.HikariDataSource       : HikariPool-1 - Shutdown completed.
